<?xml version="1.0" encoding="UTF-8"?>
<testsuite xmlns:xsi="http://www.w3.org/2001/XMLSchema-instance" xsi:noNamespaceSchemaLocation="https://maven.apache.org/surefire/maven-surefire-plugin/xsd/surefire-test-report-3.0.xsd" version="3.0" name="com.ygh.mapper.UserMapperTest" time="11.095" tests="2" errors="0" skipped="0" failures="0">
  <properties>
[...]
</properties>
  <testcase name="update" classname="com.ygh.mapper.UserMapperTest" time="1.667">
    <system-out><![CDATA[09:29:46.479 [main] INFO org.springframework.test.context.support.AnnotationConfigContextLoaderUtils -- Could not detect default configuration classes for test class [com.ygh.mapper.UserMapperTest]: UserMapperTest does not declare any static, non-private, non-final, nested classes annotated with @Configuration.
09:29:46.647 [main] INFO org.springframework.boot.test.context.SpringBootTestContextBootstrapper -- Found @SpringBootConfiguration com.ygh.Work4Application for test class com.ygh.mapper.UserMapperTest

  .   ____          _            __ _ _
 /\\ / ___'_ __ _ _(_)_ __  __ _ \ \ \ \
( ( )\___ | '_ | '_| | '_ \/ _` | \ \ \ \
 \\/  ___)| |_)| | | | | || (_| |  ) ) ) )
  '  |____| .__|_| |_|_| |_\__, | / / / /
 =========|_|==============|___/=/_/_/_/
 :: Spring Boot ::                (v3.2.2)

2024-02-25T09:29:47.313+08:00  INFO 6032 --- [           main] com.ygh.mapper.UserMapperTest            : Starting UserMapperTest using Java 17.0.8 with PID 6032 (started by 月 in d:\code\javalearning\work4)
2024-02-25T09:29:47.316+08:00  INFO 6032 --- [           main] com.ygh.mapper.UserMapperTest            : No active profile set, falling back to 1 default profile: "default"
2024-02-25T09:29:48.821+08:00  INFO 6032 --- [           main] .s.d.r.c.RepositoryConfigurationDelegate : Multiple Spring Data modules found, entering strict repository configuration mode
2024-02-25T09:29:48.824+08:00  INFO 6032 --- [           main] .s.d.r.c.RepositoryConfigurationDelegate : Bootstrapping Spring Data Redis repositories in DEFAULT mode.
2024-02-25T09:29:48.864+08:00  INFO 6032 --- [           main] .s.d.r.c.RepositoryConfigurationDelegate : Finished Spring Data repository scanning in 14 ms. Found 0 Redis repository interfaces.
Logging initialized using 'class org.apache.ibatis.logging.stdout.StdOutImpl' adapter.
Initialization Sequence datacenterId:22 workerId:25
 _ _   |_  _ _|_. ___ _ |    _ 
| | |\/|_)(_| | |_\  |_)||_|_\ 
     /               |         
                        3.5.5 
[com.ygh.mapper.VideoMapper.deleteById] Has been loaded by XML or SqlProvider or Mybatis's Annotation, so ignoring this injection for [class com.baomidou.mybatisplus.core.injector.methods.DeleteById]
Can not find table primary key in Class: "com.ygh.domain.Like".
2024-02-25T09:29:51.029+08:00  WARN 6032 --- [           main] c.b.m.core.injector.DefaultSqlInjector   : class com.ygh.domain.Like ,Not found @TableId annotation, Cannot use Mybatis-Plus 'xxById' Method.
2024-02-25T09:29:54.326+08:00  INFO 6032 --- [           main] o.s.s.web.DefaultSecurityFilterChain     : Will secure any request with [org.springframework.security.web.session.DisableEncodeUrlFilter@6be50b35, org.springframework.security.web.context.request.async.WebAsyncManagerIntegrationFilter@ce2eaa7, org.springframework.security.web.context.SecurityContextHolderFilter@3ba97962, org.springframework.security.web.header.HeaderWriterFilter@2beee3e8, org.springframework.web.filter.CorsFilter@2166c48a, org.springframework.security.web.authentication.logout.LogoutFilter@246df37b, com.ygh.filter.TokenCheckFilter@304744a1, org.springframework.security.web.authentication.UsernamePasswordAuthenticationFilter@7f030c72, org.springframework.security.web.authentication.ui.DefaultLoginPageGeneratingFilter@f3876ef, org.springframework.security.web.authentication.ui.DefaultLogoutPageGeneratingFilter@73385d3f, org.springframework.security.web.savedrequest.RequestCacheAwareFilter@3bcc8f13, org.springframework.security.web.servletapi.SecurityContextHolderAwareRequestFilter@3cb04dd, org.springframework.security.web.authentication.AnonymousAuthenticationFilter@6814262d, org.springframework.security.web.session.SessionManagementFilter@58bad46f, org.springframework.security.web.access.ExceptionTranslationFilter@35b3c1f6, org.springframework.security.web.access.intercept.AuthorizationFilter@131c0b6f]
2024-02-25T09:29:55.563+08:00  INFO 6032 --- [           main] com.ygh.mapper.UserMapperTest            : Started UserMapperTest in 8.691 seconds (process running for 10.409)
Creating a new SqlSession
SqlSession [org.apache.ibatis.session.defaults.DefaultSqlSession@2ec23ec3] was not registered for synchronization because synchronization is not active
2024-02-25T09:29:57.096+08:00  INFO 6032 --- [           main] com.zaxxer.hikari.HikariDataSource       : HikariPool-1 - Starting...
2024-02-25T09:29:57.241+08:00  INFO 6032 --- [           main] com.zaxxer.hikari.pool.HikariPool        : HikariPool-1 - Added connection com.mysql.cj.jdbc.ConnectionImpl@47f416d0
2024-02-25T09:29:57.242+08:00  INFO 6032 --- [           main] com.zaxxer.hikari.HikariDataSource       : HikariPool-1 - Start completed.
JDBC Connection [HikariProxyConnection@1529627129 wrapping com.mysql.cj.jdbc.ConnectionImpl@47f416d0] will not be managed by Spring
==>  Preparing: UPDATE user SET username=?, password=?, updated_at=?, version=? WHERE deleted=0 AND (username = ? AND version = ?)
==> Parameters: ygh(String), $2a$10$2wGz60CGsKRrcycdJAuo5ee9pZK8.RvvY/C37TtXDMxJyQbiHeZNa(String), 2024-02-25 09:29:57.091(Timestamp), 4(Integer), ygh(String), 3(Integer)
<==    Updates: 0
Closing non transactional SqlSession [org.apache.ibatis.session.defaults.DefaultSqlSession@2ec23ec3]
]]></system-out>
  </testcase>
  <testcase name="getByUsername" classname="com.ygh.mapper.UserMapperTest" time="0.065">
    <system-out><![CDATA[Creating a new SqlSession
SqlSession [org.apache.ibatis.session.defaults.DefaultSqlSession@642d971f] was not registered for synchronization because synchronization is not active
JDBC Connection [HikariProxyConnection@754817802 wrapping com.mysql.cj.jdbc.ConnectionImpl@47f416d0] will not be managed by Spring
==>  Preparing: SELECT id,username,password,avatar_url,created_at,updated_at,deleted_at,deleted,version FROM user WHERE deleted=0 AND (username = ?)
==> Parameters: ygh(String)
<==    Columns: id, username, password, avatar_url, created_at, updated_at, deleted_at, deleted, version
<==        Row: 1759584380590616578, ygh, $2a$10$8J.koWdismarVHdChls3EOkHTCSKRQCWJLmlYF938HfqFrexXTRUG, D:\code\javalearning\work4\avatars\1759584380590616578.png, 2024-02-19 22:23:02, 2024-02-20 16:29:00, 2024-02-23 10:58:53, 0, 4
<==      Total: 1
Closing non transactional SqlSession [org.apache.ibatis.session.defaults.DefaultSqlSession@642d971f]
User(id=1759584380590616578, username=ygh, password=$2a$10$8J.koWdismarVHdChls3EOkHTCSKRQCWJLmlYF938HfqFrexXTRUG, avatarUrl=D:\code\javalearning\work4\avatars\1759584380590616578.png, createdAt=Mon Feb 19 22:23:02 CST 2024, updatedAt=Tue Feb 20 16:29:00 CST 2024, deletedAt=Fri Feb 23 10:58:53 CST 2024, deleted=0, version=4)
]]></system-out>
  </testcase>
</testsuite>